# JRE version: OpenJDK Runtime Environment (8.0_242-b01) (build 1.8.0_242-release-1644-b01)
# Java VM: OpenJDK 64-Bit Server VM (25.242-b01 mixed mode windows-amd64 compressed oops)
Heap:
 PSYoungGen      total 140288K, used 108118K [0x00000000d5580000, 0x00000000e2a80000, 0x0000000100000000)
  eden space 129024K, 83% used [0x00000000d5580000,0x00000000dbf15bb8,0x00000000dd380000)
  from space 11264K, 0% used [0x00000000dd380000,0x00000000dd380000,0x00000000dde80000)
  to   space 12800K, 0% used [0x00000000e1e00000,0x00000000e1e00000,0x00000000e2a80000)
 ParOldGen       total 67072K, used 17184K [0x0000000080000000, 0x0000000084180000, 0x00000000d5580000)
  object space 67072K, 25% used [0x0000000080000000,0x00000000810c8138,0x0000000084180000)
 Metaspace       used 37308K, capacity 38886K, committed 39080K, reserved 1083392K
  class space    used 5136K, capacity 5465K, committed 5552K, reserved 1048576K
GC Heap History (10 events):
Event: 6.382 GC heap before
{Heap before GC invocations=7 (full 0):
 PSYoungGen      total 76288K, used 9662K [0x00000000d5580000, 0x00000000dab80000, 0x0000000100000000)
  eden space 66048K, 1% used [0x00000000d5580000,0x00000000d56a4db0,0x00000000d9600000)
  from space 10240K, 82% used [0x00000000da080000,0x00000000da8cad20,0x00000000daa80000)
  to   space 10752K, 0% used [0x00000000d9600000,0x00000000d9600000,0x00000000da080000)
 ParOldGen       total 87552K, used 6498K [0x0000000080000000, 0x0000000085580000, 0x00000000d5580000)
  object space 87552K, 7% used [0x0000000080000000,0x00000000806588a0,0x0000000085580000)
 Metaspace       used 20595K, capacity 21216K, committed 21296K, reserved 1067008K
  class space    used 2873K, capacity 3076K, committed 3120K, reserved 1048576K
Event: 6.391 GC heap after
Heap after GC invocations=7 (full 0):
 PSYoungGen      total 76800K, used 3760K [0x00000000d5580000, 0x00000000deb80000, 0x0000000100000000)
  eden space 66048K, 0% used [0x00000000d5580000,0x00000000d5580000,0x00000000d9600000)
  from space 10752K, 34% used [0x00000000d9600000,0x00000000d99ac040,0x00000000da080000)
  to   space 10752K, 0% used [0x00000000de100000,0x00000000de100000,0x00000000deb80000)
 ParOldGen       total 87552K, used 8766K [0x0000000080000000, 0x0000000085580000, 0x00000000d5580000)
  object space 87552K, 10% used [0x0000000080000000,0x000000008088f900,0x0000000085580000)
 Metaspace       used 20595K, capacity 21216K, committed 21296K, reserved 1067008K
  class space    used 2873K, capacity 3076K, committed 3120K, reserved 1048576K
}
Event: 6.391 GC heap before
{Heap before GC invocations=8 (full 1):
 PSYoungGen      total 76800K, used 3760K [0x00000000d5580000, 0x00000000deb80000, 0x0000000100000000)
  eden space 66048K, 0% used [0x00000000d5580000,0x00000000d5580000,0x00000000d9600000)
  from space 10752K, 34% used [0x00000000d9600000,0x00000000d99ac040,0x00000000da080000)
  to   space 10752K, 0% used [0x00000000de100000,0x00000000de100000,0x00000000deb80000)
 ParOldGen       total 87552K, used 8766K [0x0000000080000000, 0x0000000085580000, 0x00000000d5580000)
  object space 87552K, 10% used [0x0000000080000000,0x000000008088f900,0x0000000085580000)
 Metaspace       used 20595K, capacity 21216K, committed 21296K, reserved 1067008K
  class space    used 2873K, capacity 3076K, committed 3120K, reserved 1048576K
Event: 6.451 GC heap after
Heap after GC invocations=8 (full 1):
 PSYoungGen      total 76800K, used 0K [0x00000000d5580000, 0x00000000deb80000, 0x0000000100000000)
  eden space 66048K, 0% used [0x00000000d5580000,0x00000000d5580000,0x00000000d9600000)
  from space 10752K, 0% used [0x00000000d9600000,0x00000000d9600000,0x00000000da080000)
  to   space 10752K, 0% used [0x00000000de100000,0x00000000de100000,0x00000000deb80000)
 ParOldGen       total 47104K, used 6630K [0x0000000080000000, 0x0000000082e00000, 0x00000000d5580000)
  object space 47104K, 14% used [0x0000000080000000,0x00000000806798e8,0x0000000082e00000)
 Metaspace       used 20595K, capacity 21216K, committed 21296K, reserved 1067008K
  class space    used 2873K, capacity 3076K, committed 3120K, reserved 1048576K
}
Event: 8.017 GC heap before
{Heap before GC invocations=9 (full 1):
 PSYoungGen      total 76800K, used 66048K [0x00000000d5580000, 0x00000000deb80000, 0x0000000100000000)
  eden space 66048K, 100% used [0x00000000d5580000,0x00000000d9600000,0x00000000d9600000)
  from space 10752K, 0% used [0x00000000d9600000,0x00000000d9600000,0x00000000da080000)
  to   space 10752K, 0% used [0x00000000de100000,0x00000000de100000,0x00000000deb80000)
 ParOldGen       total 47104K, used 6630K [0x0000000080000000, 0x0000000082e00000, 0x00000000d5580000)
  object space 47104K, 14% used [0x0000000080000000,0x00000000806798e8,0x0000000082e00000)
 Metaspace       used 28840K, capacity 29752K, committed 29872K, reserved 1075200K
  class space    used 3992K, capacity 4227K, committed 4272K, reserved 1048576K
Event: 8.031 GC heap after
Heap after GC invocations=9 (full 1):
 PSYoungGen      total 134656K, used 8628K [0x00000000d5580000, 0x00000000de980000, 0x0000000100000000)
  eden space 125952K, 0% used [0x00000000d5580000,0x00000000d5580000,0x00000000dd080000)
  from space 8704K, 99% used [0x00000000de100000,0x00000000de96d360,0x00000000de980000)
  to   space 11264K, 0% used [0x00000000dd380000,0x00000000dd380000,0x00000000dde80000)
 ParOldGen       total 47104K, used 6638K [0x0000000080000000, 0x0000000082e00000, 0x00000000d5580000)
  object space 47104K, 14% used [0x0000000080000000,0x000000008067b8e8,0x0000000082e00000)
 Metaspace       used 28840K, capacity 29752K, committed 29872K, reserved 1075200K
  class space    used 3992K, capacity 4227K, committed 4272K, reserved 1048576K
}
Event: 10.144 GC heap before
{Heap before GC invocations=10 (full 1):
 PSYoungGen      total 134656K, used 102504K [0x00000000d5580000, 0x00000000de980000, 0x0000000100000000)
  eden space 125952K, 74% used [0x00000000d5580000,0x00000000db12ce08,0x00000000dd080000)
  from space 8704K, 99% used [0x00000000de100000,0x00000000de96d360,0x00000000de980000)
  to   space 11264K, 0% used [0x00000000dd380000,0x00000000dd380000,0x00000000dde80000)
 ParOldGen       total 47104K, used 6638K [0x0000000080000000, 0x0000000082e00000, 0x00000000d5580000)
  object space 47104K, 14% used [0x0000000080000000,0x000000008067b8e8,0x0000000082e00000)
 Metaspace       used 34307K, capacity 35406K, committed 35496K, reserved 1079296K
  class space    used 4719K, capacity 5002K, committed 5040K, reserved 1048576K
Event: 10.171 GC heap after
Heap after GC invocations=10 (full 1):
 PSYoungGen      total 140288K, used 10994K [0x00000000d5580000, 0x00000000e2a80000, 0x0000000100000000)
  eden space 129024K, 0% used [0x00000000d5580000,0x00000000d5580000,0x00000000dd380000)
  from space 11264K, 97% used [0x00000000dd380000,0x00000000dde3ca08,0x00000000dde80000)
  to   space 12800K, 0% used [0x00000000e1e00000,0x00000000e1e00000,0x00000000e2a80000)
 ParOldGen       total 47104K, used 6646K [0x0000000080000000, 0x0000000082e00000, 0x00000000d5580000)
  object space 47104K, 14% used [0x0000000080000000,0x000000008067d8e8,0x0000000082e00000)
 Metaspace       used 34307K, capacity 35406K, committed 35496K, reserved 1079296K
  class space    used 4719K, capacity 5002K, committed 5040K, reserved 1048576K
}
Event: 10.171 GC heap before
{Heap before GC invocations=11 (full 2):
 PSYoungGen      total 140288K, used 10994K [0x00000000d5580000, 0x00000000e2a80000, 0x0000000100000000)
  eden space 129024K, 0% used [0x00000000d5580000,0x00000000d5580000,0x00000000dd380000)
  from space 11264K, 97% used [0x00000000dd380000,0x00000000dde3ca08,0x00000000dde80000)
  to   space 12800K, 0% used [0x00000000e1e00000,0x00000000e1e00000,0x00000000e2a80000)
 ParOldGen       total 47104K, used 6646K [0x0000000080000000, 0x0000000082e00000, 0x00000000d5580000)
  object space 47104K, 14% used [0x0000000080000000,0x000000008067d8e8,0x0000000082e00000)
 Metaspace       used 34307K, capacity 35406K, committed 35496K, reserved 1079296K
  class space    used 4719K, capacity 5002K, committed 5040K, reserved 1048576K
Event: 10.317 GC heap after
Heap after GC invocations=11 (full 2):
 PSYoungGen      total 140288K, used 0K [0x00000000d5580000, 0x00000000e2a80000, 0x0000000100000000)
  eden space 129024K, 0% used [0x00000000d5580000,0x00000000d5580000,0x00000000dd380000)
  from space 11264K, 0% used [0x00000000dd380000,0x00000000dd380000,0x00000000dde80000)
  to   space 12800K, 0% used [0x00000000e1e00000,0x00000000e1e00000,0x00000000e2a80000)
 ParOldGen       total 67072K, used 17184K [0x0000000080000000, 0x0000000084180000, 0x00000000d5580000)
  object space 67072K, 25% used [0x0000000080000000,0x00000000810c8138,0x0000000084180000)
 Metaspace       used 34307K, capacity 35406K, committed 35496K, reserved 1079296K
  class space    used 4719K, capacity 5002K, committed 5040K, reserved 1048576K
}

