# JRE version: OpenJDK Runtime Environment (8.0_242-b01) (build 1.8.0_242-release-1644-b01)
# Java VM: OpenJDK 64-Bit Server VM (25.242-b01 mixed mode windows-amd64 compressed oops)
Heap:
 PSYoungGen      total 422912K, used 332616K [0x00000000d5580000, 0x00000000f3b00000, 0x0000000100000000)
  eden space 402432K, 77% used [0x00000000d5580000,0x00000000e8658548,0x00000000ede80000)
  from space 20480K, 99% used [0x00000000f2700000,0x00000000f3af9df0,0x00000000f3b00000)
  to   space 35328K, 0% used [0x00000000ef600000,0x00000000ef600000,0x00000000f1880000)
 ParOldGen       total 155648K, used 75178K [0x0000000080000000, 0x0000000089800000, 0x00000000d5580000)
  object space 155648K, 48% used [0x0000000080000000,0x000000008496abc8,0x0000000089800000)
 Metaspace       used 98097K, capacity 104468K, committed 104728K, reserved 1140736K
  class space    used 12545K, capacity 13594K, committed 13616K, reserved 1048576K
GC Heap History (10 events):
Event: 2195.840 GC heap before
{Heap before GC invocations=26 (full 4):
 PSYoungGen      total 518656K, used 518351K [0x00000000d5580000, 0x00000000f8800000, 0x0000000100000000)
  eden space 502272K, 100% used [0x00000000d5580000,0x00000000f4000000,0x00000000f4000000)
  from space 16384K, 98% used [0x00000000f5680000,0x00000000f6633d10,0x00000000f6680000)
  to   space 34304K, 0% used [0x00000000f6680000,0x00000000f6680000,0x00000000f8800000)
 ParOldGen       total 155648K, used 75138K [0x0000000080000000, 0x0000000089800000, 0x00000000d5580000)
  object space 155648K, 48% used [0x0000000080000000,0x0000000084960bc8,0x0000000089800000)
 Metaspace       used 96110K, capacity 102176K, committed 102296K, reserved 1138688K
  class space    used 12460K, capacity 13476K, committed 13488K, reserved 1048576K
Event: 2195.899 GC heap after
Heap after GC invocations=26 (full 4):
 PSYoungGen      total 493568K, used 13176K [0x00000000d5580000, 0x00000000f7380000, 0x0000000100000000)
  eden space 480256K, 0% used [0x00000000d5580000,0x00000000d5580000,0x00000000f2a80000)
  from space 13312K, 98% used [0x00000000f6680000,0x00000000f735e050,0x00000000f7380000)
  to   space 35328K, 0% used [0x00000000f2e80000,0x00000000f2e80000,0x00000000f5100000)
 ParOldGen       total 155648K, used 75146K [0x0000000080000000, 0x0000000089800000, 0x00000000d5580000)
  object space 155648K, 48% used [0x0000000080000000,0x0000000084962bc8,0x0000000089800000)
 Metaspace       used 96110K, capacity 102176K, committed 102296K, reserved 1138688K
  class space    used 12460K, capacity 13476K, committed 13488K, reserved 1048576K
}
Event: 2245.463 GC heap before
{Heap before GC invocations=27 (full 4):
 PSYoungGen      total 493568K, used 493432K [0x00000000d5580000, 0x00000000f7380000, 0x0000000100000000)
  eden space 480256K, 100% used [0x00000000d5580000,0x00000000f2a80000,0x00000000f2a80000)
  from space 13312K, 98% used [0x00000000f6680000,0x00000000f735e050,0x00000000f7380000)
  to   space 35328K, 0% used [0x00000000f2e80000,0x00000000f2e80000,0x00000000f5100000)
 ParOldGen       total 155648K, used 75146K [0x0000000080000000, 0x0000000089800000, 0x00000000d5580000)
  object space 155648K, 48% used [0x0000000080000000,0x0000000084962bc8,0x0000000089800000)
 Metaspace       used 97039K, capacity 103390K, committed 103448K, reserved 1138688K
  class space    used 12537K, capacity 13585K, committed 13616K, reserved 1048576K
Event: 2245.525 GC heap after
Heap after GC invocations=27 (full 4):
 PSYoungGen      total 487424K, used 28142K [0x00000000d5580000, 0x00000000f6700000, 0x0000000100000000)
  eden space 459264K, 0% used [0x00000000d5580000,0x00000000d5580000,0x00000000f1600000)
  from space 28160K, 99% used [0x00000000f2e80000,0x00000000f49fb938,0x00000000f4a00000)
  to   space 29696K, 0% used [0x00000000f4a00000,0x00000000f4a00000,0x00000000f6700000)
 ParOldGen       total 155648K, used 75154K [0x0000000080000000, 0x0000000089800000, 0x00000000d5580000)
  object space 155648K, 48% used [0x0000000080000000,0x0000000084964bc8,0x0000000089800000)
 Metaspace       used 97039K, capacity 103390K, committed 103448K, reserved 1138688K
  class space    used 12537K, capacity 13585K, committed 13616K, reserved 1048576K
}
Event: 2775.812 GC heap before
{Heap before GC invocations=28 (full 4):
 PSYoungGen      total 487424K, used 487406K [0x00000000d5580000, 0x00000000f6700000, 0x0000000100000000)
  eden space 459264K, 100% used [0x00000000d5580000,0x00000000f1600000,0x00000000f1600000)
  from space 28160K, 99% used [0x00000000f2e80000,0x00000000f49fb938,0x00000000f4a00000)
  to   space 29696K, 0% used [0x00000000f4a00000,0x00000000f4a00000,0x00000000f6700000)
 ParOldGen       total 155648K, used 75154K [0x0000000080000000, 0x0000000089800000, 0x00000000d5580000)
  object space 155648K, 48% used [0x0000000080000000,0x0000000084964bc8,0x0000000089800000)
 Metaspace       used 97419K, capacity 103818K, committed 103960K, reserved 1140736K
  class space    used 12542K, capacity 13589K, committed 13616K, reserved 1048576K
Event: 2775.847 GC heap after
Heap after GC invocations=28 (full 4):
 PSYoungGen      total 462848K, used 23140K [0x00000000d5580000, 0x00000000f6100000, 0x0000000100000000)
  eden space 439296K, 0% used [0x00000000d5580000,0x00000000d5580000,0x00000000f0280000)
  from space 23552K, 98% used [0x00000000f4a00000,0x00000000f6099100,0x00000000f6100000)
  to   space 37888K, 0% used [0x00000000f1700000,0x00000000f1700000,0x00000000f3c00000)
 ParOldGen       total 155648K, used 75162K [0x0000000080000000, 0x0000000089800000, 0x00000000d5580000)
  object space 155648K, 48% used [0x0000000080000000,0x0000000084966bc8,0x0000000089800000)
 Metaspace       used 97419K, capacity 103818K, committed 103960K, reserved 1140736K
  class space    used 12542K, capacity 13589K, committed 13616K, reserved 1048576K
}
Event: 2915.952 GC heap before
{Heap before GC invocations=29 (full 4):
 PSYoungGen      total 462848K, used 462436K [0x00000000d5580000, 0x00000000f6100000, 0x0000000100000000)
  eden space 439296K, 100% used [0x00000000d5580000,0x00000000f0280000,0x00000000f0280000)
  from space 23552K, 98% used [0x00000000f4a00000,0x00000000f6099100,0x00000000f6100000)
  to   space 37888K, 0% used [0x00000000f1700000,0x00000000f1700000,0x00000000f3c00000)
 ParOldGen       total 155648K, used 75162K [0x0000000080000000, 0x0000000089800000, 0x00000000d5580000)
  object space 155648K, 48% used [0x0000000080000000,0x0000000084966bc8,0x0000000089800000)
 Metaspace       used 97710K, capacity 104096K, committed 104216K, reserved 1140736K
  class space    used 12543K, capacity 13590K, committed 13616K, reserved 1048576K
Event: 2915.987 GC heap after
Heap after GC invocations=29 (full 4):
 PSYoungGen      total 436736K, used 16151K [0x00000000d5580000, 0x00000000f4a80000, 0x0000000100000000)
  eden space 420352K, 0% used [0x00000000d5580000,0x00000000d5580000,0x00000000ef000000)
  from space 16384K, 98% used [0x00000000f1700000,0x00000000f26c5f20,0x00000000f2700000)
  to   space 36352K, 0% used [0x00000000f2700000,0x00000000f2700000,0x00000000f4a80000)
 ParOldGen       total 155648K, used 75170K [0x0000000080000000, 0x0000000089800000, 0x00000000d5580000)
  object space 155648K, 48% used [0x0000000080000000,0x0000000084968bc8,0x0000000089800000)
 Metaspace       used 97710K, capacity 104096K, committed 104216K, reserved 1140736K
  class space    used 12543K, capacity 13590K, committed 13616K, reserved 1048576K
}
Event: 3289.896 GC heap before
{Heap before GC invocations=30 (full 4):
 PSYoungGen      total 436736K, used 436503K [0x00000000d5580000, 0x00000000f4a80000, 0x0000000100000000)
  eden space 420352K, 100% used [0x00000000d5580000,0x00000000ef000000,0x00000000ef000000)
  from space 16384K, 98% used [0x00000000f1700000,0x00000000f26c5f20,0x00000000f2700000)
  to   space 36352K, 0% used [0x00000000f2700000,0x00000000f2700000,0x00000000f4a80000)
 ParOldGen       total 155648K, used 75170K [0x0000000080000000, 0x0000000089800000, 0x00000000d5580000)
  object space 155648K, 48% used [0x0000000080000000,0x0000000084968bc8,0x0000000089800000)
 Metaspace       used 97964K, capacity 104370K, committed 104472K, reserved 1140736K
  class space    used 12544K, capacity 13591K, committed 13616K, reserved 1048576K
Event: 3289.938 GC heap after
Heap after GC invocations=30 (full 4):
 PSYoungGen      total 422912K, used 20455K [0x00000000d5580000, 0x00000000f3b00000, 0x0000000100000000)
  eden space 402432K, 0% used [0x00000000d5580000,0x00000000d5580000,0x00000000ede80000)
  from space 20480K, 99% used [0x00000000f2700000,0x00000000f3af9df0,0x00000000f3b00000)
  to   space 35328K, 0% used [0x00000000ef600000,0x00000000ef600000,0x00000000f1880000)
 ParOldGen       total 155648K, used 75178K [0x0000000080000000, 0x0000000089800000, 0x00000000d5580000)
  object space 155648K, 48% used [0x0000000080000000,0x000000008496abc8,0x0000000089800000)
 Metaspace       used 97964K, capacity 104370K, committed 104472K, reserved 1140736K
  class space    used 12544K, capacity 13591K, committed 13616K, reserved 1048576K
}

