# JRE version: OpenJDK Runtime Environment (8.0_242-b01) (build 1.8.0_242-release-1644-b01)
# Java VM: OpenJDK 64-Bit Server VM (25.242-b01 mixed mode windows-amd64 compressed oops)
Heap:
 PSYoungGen      total 140288K, used 4750K [0x00000000d5580000, 0x00000000e2d80000, 0x0000000100000000)
  eden space 129024K, 3% used [0x00000000d5580000,0x00000000d5a23a30,0x00000000dd380000)
  from space 11264K, 0% used [0x00000000dd380000,0x00000000dd380000,0x00000000dde80000)
  to   space 12800K, 0% used [0x00000000e2100000,0x00000000e2100000,0x00000000e2d80000)
 ParOldGen       total 64512K, used 17205K [0x0000000080000000, 0x0000000083f00000, 0x00000000d5580000)
  object space 64512K, 26% used [0x0000000080000000,0x00000000810cd498,0x0000000083f00000)
 Metaspace       used 34462K, capacity 35548K, committed 35752K, reserved 1079296K
  class space    used 4743K, capacity 5005K, committed 5040K, reserved 1048576K
GC Heap History (10 events):
Event: 6.284 GC heap before
{Heap before GC invocations=7 (full 0):
 PSYoungGen      total 76288K, used 9704K [0x00000000d5580000, 0x00000000dab80000, 0x0000000100000000)
  eden space 66048K, 1% used [0x00000000d5580000,0x00000000d56a3a18,0x00000000d9600000)
  from space 10240K, 83% used [0x00000000da080000,0x00000000da8d67b0,0x00000000daa80000)
  to   space 10752K, 0% used [0x00000000d9600000,0x00000000d9600000,0x00000000da080000)
 ParOldGen       total 87552K, used 6477K [0x0000000080000000, 0x0000000085580000, 0x00000000d5580000)
  object space 87552K, 7% used [0x0000000080000000,0x00000000806536b8,0x0000000085580000)
 Metaspace       used 20586K, capacity 21220K, committed 21296K, reserved 1067008K
  class space    used 2872K, capacity 3076K, committed 3120K, reserved 1048576K
Event: 6.294 GC heap after
Heap after GC invocations=7 (full 0):
 PSYoungGen      total 76800K, used 3680K [0x00000000d5580000, 0x00000000deb80000, 0x0000000100000000)
  eden space 66048K, 0% used [0x00000000d5580000,0x00000000d5580000,0x00000000d9600000)
  from space 10752K, 34% used [0x00000000d9600000,0x00000000d9998030,0x00000000da080000)
  to   space 10752K, 0% used [0x00000000de100000,0x00000000de100000,0x00000000deb80000)
 ParOldGen       total 87552K, used 8781K [0x0000000080000000, 0x0000000085580000, 0x00000000d5580000)
  object space 87552K, 10% used [0x0000000080000000,0x0000000080893708,0x0000000085580000)
 Metaspace       used 20586K, capacity 21220K, committed 21296K, reserved 1067008K
  class space    used 2872K, capacity 3076K, committed 3120K, reserved 1048576K
}
Event: 6.294 GC heap before
{Heap before GC invocations=8 (full 1):
 PSYoungGen      total 76800K, used 3680K [0x00000000d5580000, 0x00000000deb80000, 0x0000000100000000)
  eden space 66048K, 0% used [0x00000000d5580000,0x00000000d5580000,0x00000000d9600000)
  from space 10752K, 34% used [0x00000000d9600000,0x00000000d9998030,0x00000000da080000)
  to   space 10752K, 0% used [0x00000000de100000,0x00000000de100000,0x00000000deb80000)
 ParOldGen       total 87552K, used 8781K [0x0000000080000000, 0x0000000085580000, 0x00000000d5580000)
  object space 87552K, 10% used [0x0000000080000000,0x0000000080893708,0x0000000085580000)
 Metaspace       used 20586K, capacity 21220K, committed 21296K, reserved 1067008K
  class space    used 2872K, capacity 3076K, committed 3120K, reserved 1048576K
Event: 6.359 GC heap after
Heap after GC invocations=8 (full 1):
 PSYoungGen      total 76800K, used 0K [0x00000000d5580000, 0x00000000deb80000, 0x0000000100000000)
  eden space 66048K, 0% used [0x00000000d5580000,0x00000000d5580000,0x00000000d9600000)
  from space 10752K, 0% used [0x00000000d9600000,0x00000000d9600000,0x00000000da080000)
  to   space 10752K, 0% used [0x00000000de100000,0x00000000de100000,0x00000000deb80000)
 ParOldGen       total 46592K, used 6627K [0x0000000080000000, 0x0000000082d80000, 0x00000000d5580000)
  object space 46592K, 14% used [0x0000000080000000,0x0000000080678dc0,0x0000000082d80000)
 Metaspace       used 20586K, capacity 21220K, committed 21296K, reserved 1067008K
  class space    used 2872K, capacity 3076K, committed 3120K, reserved 1048576K
}
Event: 7.869 GC heap before
{Heap before GC invocations=9 (full 1):
 PSYoungGen      total 76800K, used 66048K [0x00000000d5580000, 0x00000000deb80000, 0x0000000100000000)
  eden space 66048K, 100% used [0x00000000d5580000,0x00000000d9600000,0x00000000d9600000)
  from space 10752K, 0% used [0x00000000d9600000,0x00000000d9600000,0x00000000da080000)
  to   space 10752K, 0% used [0x00000000de100000,0x00000000de100000,0x00000000deb80000)
 ParOldGen       total 46592K, used 6627K [0x0000000080000000, 0x0000000082d80000, 0x00000000d5580000)
  object space 46592K, 14% used [0x0000000080000000,0x0000000080678dc0,0x0000000082d80000)
 Metaspace       used 28822K, capacity 29686K, committed 29872K, reserved 1075200K
  class space    used 3993K, capacity 4225K, committed 4272K, reserved 1048576K
Event: 7.882 GC heap after
Heap after GC invocations=9 (full 1):
 PSYoungGen      total 135680K, used 8529K [0x00000000d5580000, 0x00000000de980000, 0x0000000100000000)
  eden space 126976K, 0% used [0x00000000d5580000,0x00000000d5580000,0x00000000dd180000)
  from space 8704K, 97% used [0x00000000de100000,0x00000000de954628,0x00000000de980000)
  to   space 11264K, 0% used [0x00000000dd380000,0x00000000dd380000,0x00000000dde80000)
 ParOldGen       total 46592K, used 6635K [0x0000000080000000, 0x0000000082d80000, 0x00000000d5580000)
  object space 46592K, 14% used [0x0000000080000000,0x000000008067adc0,0x0000000082d80000)
 Metaspace       used 28822K, capacity 29686K, committed 29872K, reserved 1075200K
  class space    used 3993K, capacity 4225K, committed 4272K, reserved 1048576K
}
Event: 9.803 GC heap before
{Heap before GC invocations=10 (full 1):
 PSYoungGen      total 135680K, used 100788K [0x00000000d5580000, 0x00000000de980000, 0x0000000100000000)
  eden space 126976K, 72% used [0x00000000d5580000,0x00000000daf98d58,0x00000000dd180000)
  from space 8704K, 97% used [0x00000000de100000,0x00000000de954628,0x00000000de980000)
  to   space 11264K, 0% used [0x00000000dd380000,0x00000000dd380000,0x00000000dde80000)
 ParOldGen       total 46592K, used 6635K [0x0000000080000000, 0x0000000082d80000, 0x00000000d5580000)
  object space 46592K, 14% used [0x0000000080000000,0x000000008067adc0,0x0000000082d80000)
 Metaspace       used 34319K, capacity 35410K, committed 35496K, reserved 1079296K
  class space    used 4721K, capacity 5002K, committed 5040K, reserved 1048576K
Event: 9.845 GC heap after
Heap after GC invocations=10 (full 1):
 PSYoungGen      total 140288K, used 11026K [0x00000000d5580000, 0x00000000e2d80000, 0x0000000100000000)
  eden space 129024K, 0% used [0x00000000d5580000,0x00000000d5580000,0x00000000dd380000)
  from space 11264K, 97% used [0x00000000dd380000,0x00000000dde44908,0x00000000dde80000)
  to   space 12800K, 0% used [0x00000000e2100000,0x00000000e2100000,0x00000000e2d80000)
 ParOldGen       total 46592K, used 6643K [0x0000000080000000, 0x0000000082d80000, 0x00000000d5580000)
  object space 46592K, 14% used [0x0000000080000000,0x000000008067cdc0,0x0000000082d80000)
 Metaspace       used 34319K, capacity 35410K, committed 35496K, reserved 1079296K
  class space    used 4721K, capacity 5002K, committed 5040K, reserved 1048576K
}
Event: 9.845 GC heap before
{Heap before GC invocations=11 (full 2):
 PSYoungGen      total 140288K, used 11026K [0x00000000d5580000, 0x00000000e2d80000, 0x0000000100000000)
  eden space 129024K, 0% used [0x00000000d5580000,0x00000000d5580000,0x00000000dd380000)
  from space 11264K, 97% used [0x00000000dd380000,0x00000000dde44908,0x00000000dde80000)
  to   space 12800K, 0% used [0x00000000e2100000,0x00000000e2100000,0x00000000e2d80000)
 ParOldGen       total 46592K, used 6643K [0x0000000080000000, 0x0000000082d80000, 0x00000000d5580000)
  object space 46592K, 14% used [0x0000000080000000,0x000000008067cdc0,0x0000000082d80000)
 Metaspace       used 34319K, capacity 35410K, committed 35496K, reserved 1079296K
  class space    used 4721K, capacity 5002K, committed 5040K, reserved 1048576K
Event: 9.978 GC heap after
Heap after GC invocations=11 (full 2):
 PSYoungGen      total 140288K, used 0K [0x00000000d5580000, 0x00000000e2d80000, 0x0000000100000000)
  eden space 129024K, 0% used [0x00000000d5580000,0x00000000d5580000,0x00000000dd380000)
  from space 11264K, 0% used [0x00000000dd380000,0x00000000dd380000,0x00000000dde80000)
  to   space 12800K, 0% used [0x00000000e2100000,0x00000000e2100000,0x00000000e2d80000)
 ParOldGen       total 64512K, used 17205K [0x0000000080000000, 0x0000000083f00000, 0x00000000d5580000)
  object space 64512K, 26% used [0x0000000080000000,0x00000000810cd498,0x0000000083f00000)
 Metaspace       used 34319K, capacity 35410K, committed 35496K, reserved 1079296K
  class space    used 4721K, capacity 5002K, committed 5040K, reserved 1048576K
}

