# JRE version: OpenJDK Runtime Environment (8.0_242-b01) (build 1.8.0_242-release-1644-b01)
# Java VM: OpenJDK 64-Bit Server VM (25.242-b01 mixed mode windows-amd64 compressed oops)
Heap:
 PSYoungGen      total 198144K, used 170041K [0x00000000d5580000, 0x00000000e2e00000, 0x0000000100000000)
  eden space 186880K, 85% used [0x00000000d5580000,0x00000000df0f2f08,0x00000000e0c00000)
  from space 11264K, 96% used [0x00000000e2300000,0x00000000e2d9b8b8,0x00000000e2e00000)
  to   space 13824K, 0% used [0x00000000e1300000,0x00000000e1300000,0x00000000e2080000)
 ParOldGen       total 64000K, used 17224K [0x0000000080000000, 0x0000000083e80000, 0x00000000d5580000)
  object space 64000K, 26% used [0x0000000080000000,0x00000000810d21d0,0x0000000083e80000)
 Metaspace       used 53529K, capacity 55644K, committed 55848K, reserved 1097728K
  class space    used 7225K, capacity 7689K, committed 7728K, reserved 1048576K
GC Heap History (10 events):
Event: 4.979 GC heap before
{Heap before GC invocations=8 (full 1):
 PSYoungGen      total 76800K, used 3684K [0x00000000d5580000, 0x00000000deb80000, 0x0000000100000000)
  eden space 66048K, 0% used [0x00000000d5580000,0x00000000d5580000,0x00000000d9600000)
  from space 10752K, 34% used [0x00000000d9600000,0x00000000d9999050,0x00000000da080000)
  to   space 10752K, 0% used [0x00000000de100000,0x00000000de100000,0x00000000deb80000)
 ParOldGen       total 87552K, used 8768K [0x0000000080000000, 0x0000000085580000, 0x00000000d5580000)
  object space 87552K, 10% used [0x0000000080000000,0x0000000080890110,0x0000000085580000)
 Metaspace       used 20604K, capacity 21212K, committed 21296K, reserved 1067008K
  class space    used 2873K, capacity 3076K, committed 3120K, reserved 1048576K
Event: 5.027 GC heap after
Heap after GC invocations=8 (full 1):
 PSYoungGen      total 76800K, used 0K [0x00000000d5580000, 0x00000000deb80000, 0x0000000100000000)
  eden space 66048K, 0% used [0x00000000d5580000,0x00000000d5580000,0x00000000d9600000)
  from space 10752K, 0% used [0x00000000d9600000,0x00000000d9600000,0x00000000da080000)
  to   space 10752K, 0% used [0x00000000de100000,0x00000000de100000,0x00000000deb80000)
 ParOldGen       total 46080K, used 6631K [0x0000000080000000, 0x0000000082d00000, 0x00000000d5580000)
  object space 46080K, 14% used [0x0000000080000000,0x0000000080679dd8,0x0000000082d00000)
 Metaspace       used 20604K, capacity 21212K, committed 21296K, reserved 1067008K
  class space    used 2873K, capacity 3076K, committed 3120K, reserved 1048576K
}
Event: 6.335 GC heap before
{Heap before GC invocations=9 (full 1):
 PSYoungGen      total 76800K, used 66048K [0x00000000d5580000, 0x00000000deb80000, 0x0000000100000000)
  eden space 66048K, 100% used [0x00000000d5580000,0x00000000d9600000,0x00000000d9600000)
  from space 10752K, 0% used [0x00000000d9600000,0x00000000d9600000,0x00000000da080000)
  to   space 10752K, 0% used [0x00000000de100000,0x00000000de100000,0x00000000deb80000)
 ParOldGen       total 46080K, used 6631K [0x0000000080000000, 0x0000000082d00000, 0x00000000d5580000)
  object space 46080K, 14% used [0x0000000080000000,0x0000000080679df8,0x0000000082d00000)
 Metaspace       used 28824K, capacity 29678K, committed 29872K, reserved 1075200K
  class space    used 3992K, capacity 4225K, committed 4272K, reserved 1048576K
Event: 6.346 GC heap after
Heap after GC invocations=9 (full 1):
 PSYoungGen      total 136192K, used 8580K [0x00000000d5580000, 0x00000000de980000, 0x0000000100000000)
  eden space 127488K, 0% used [0x00000000d5580000,0x00000000d5580000,0x00000000dd200000)
  from space 8704K, 98% used [0x00000000de100000,0x00000000de961228,0x00000000de980000)
  to   space 11264K, 0% used [0x00000000dd380000,0x00000000dd380000,0x00000000dde80000)
 ParOldGen       total 46080K, used 6639K [0x0000000080000000, 0x0000000082d00000, 0x00000000d5580000)
  object space 46080K, 14% used [0x0000000080000000,0x000000008067bdf8,0x0000000082d00000)
 Metaspace       used 28824K, capacity 29678K, committed 29872K, reserved 1075200K
  class space    used 3992K, capacity 4225K, committed 4272K, reserved 1048576K
}
Event: 7.885 GC heap before
{Heap before GC invocations=10 (full 1):
 PSYoungGen      total 136192K, used 102735K [0x00000000d5580000, 0x00000000de980000, 0x0000000100000000)
  eden space 127488K, 73% used [0x00000000d5580000,0x00000000db172b98,0x00000000dd200000)
  from space 8704K, 98% used [0x00000000de100000,0x00000000de961228,0x00000000de980000)
  to   space 11264K, 0% used [0x00000000dd380000,0x00000000dd380000,0x00000000dde80000)
 ParOldGen       total 46080K, used 6639K [0x0000000080000000, 0x0000000082d00000, 0x00000000d5580000)
  object space 46080K, 14% used [0x0000000080000000,0x000000008067bdf8,0x0000000082d00000)
 Metaspace       used 34306K, capacity 35402K, committed 35496K, reserved 1079296K
  class space    used 4720K, capacity 5002K, committed 5040K, reserved 1048576K
Event: 7.911 GC heap after
Heap after GC invocations=10 (full 1):
 PSYoungGen      total 140288K, used 11030K [0x00000000d5580000, 0x00000000e2f80000, 0x0000000100000000)
  eden space 129024K, 0% used [0x00000000d5580000,0x00000000d5580000,0x00000000dd380000)
  from space 11264K, 97% used [0x00000000dd380000,0x00000000dde45970,0x00000000dde80000)
  to   space 12800K, 0% used [0x00000000e2300000,0x00000000e2300000,0x00000000e2f80000)
 ParOldGen       total 46080K, used 6647K [0x0000000080000000, 0x0000000082d00000, 0x00000000d5580000)
  object space 46080K, 14% used [0x0000000080000000,0x000000008067ddf8,0x0000000082d00000)
 Metaspace       used 34306K, capacity 35402K, committed 35496K, reserved 1079296K
  class space    used 4720K, capacity 5002K, committed 5040K, reserved 1048576K
}
Event: 7.911 GC heap before
{Heap before GC invocations=11 (full 2):
 PSYoungGen      total 140288K, used 11030K [0x00000000d5580000, 0x00000000e2f80000, 0x0000000100000000)
  eden space 129024K, 0% used [0x00000000d5580000,0x00000000d5580000,0x00000000dd380000)
  from space 11264K, 97% used [0x00000000dd380000,0x00000000dde45970,0x00000000dde80000)
  to   space 12800K, 0% used [0x00000000e2300000,0x00000000e2300000,0x00000000e2f80000)
 ParOldGen       total 46080K, used 6647K [0x0000000080000000, 0x0000000082d00000, 0x00000000d5580000)
  object space 46080K, 14% used [0x0000000080000000,0x000000008067ddf8,0x0000000082d00000)
 Metaspace       used 34306K, capacity 35402K, committed 35496K, reserved 1079296K
  class space    used 4720K, capacity 5002K, committed 5040K, reserved 1048576K
Event: 8.042 GC heap after
Heap after GC invocations=11 (full 2):
 PSYoungGen      total 140288K, used 0K [0x00000000d5580000, 0x00000000e2f80000, 0x0000000100000000)
  eden space 129024K, 0% used [0x00000000d5580000,0x00000000d5580000,0x00000000dd380000)
  from space 11264K, 0% used [0x00000000dd380000,0x00000000dd380000,0x00000000dde80000)
  to   space 12800K, 0% used [0x00000000e2300000,0x00000000e2300000,0x00000000e2f80000)
 ParOldGen       total 64000K, used 17210K [0x0000000080000000, 0x0000000083e80000, 0x00000000d5580000)
  object space 64000K, 26% used [0x0000000080000000,0x00000000810cea70,0x0000000083e80000)
 Metaspace       used 34306K, capacity 35402K, committed 35496K, reserved 1079296K
  class space    used 4720K, capacity 5002K, committed 5040K, reserved 1048576K
}
Event: 9.970 GC heap before
{Heap before GC invocations=12 (full 2):
 PSYoungGen      total 140288K, used 129024K [0x00000000d5580000, 0x00000000e2f80000, 0x0000000100000000)
  eden space 129024K, 100% used [0x00000000d5580000,0x00000000dd380000,0x00000000dd380000)
  from space 11264K, 0% used [0x00000000dd380000,0x00000000dd380000,0x00000000dde80000)
  to   space 12800K, 0% used [0x00000000e2300000,0x00000000e2300000,0x00000000e2f80000)
 ParOldGen       total 64000K, used 17216K [0x0000000080000000, 0x0000000083e80000, 0x00000000d5580000)
  object space 64000K, 26% used [0x0000000080000000,0x00000000810d01d0,0x0000000083e80000)
 Metaspace       used 39749K, capacity 41506K, committed 41768K, reserved 1085440K
  class space    used 5480K, capacity 5847K, committed 5936K, reserved 1048576K
Event: 9.986 GC heap after
Heap after GC invocations=12 (full 2):
 PSYoungGen      total 198144K, used 10862K [0x00000000d5580000, 0x00000000e2e00000, 0x0000000100000000)
  eden space 186880K, 0% used [0x00000000d5580000,0x00000000d5580000,0x00000000e0c00000)
  from space 11264K, 96% used [0x00000000e2300000,0x00000000e2d9b8b8,0x00000000e2e00000)
  to   space 13824K, 0% used [0x00000000e1300000,0x00000000e1300000,0x00000000e2080000)
 ParOldGen       total 64000K, used 17224K [0x0000000080000000, 0x0000000083e80000, 0x00000000d5580000)
  object space 64000K, 26% used [0x0000000080000000,0x00000000810d21d0,0x0000000083e80000)
 Metaspace       used 39749K, capacity 41506K, committed 41768K, reserved 1085440K
  class space    used 5480K, capacity 5847K, committed 5936K, reserved 1048576K
}

